0 info it worked if it ends with ok
1 verbose cli [ 'C:\\Program Files\\nodejs\\node.exe',
1 verbose cli   'C:\\Program Files\\nodejs\\node_modules\\npm\\bin\\npm-cli.js',
1 verbose cli   'start' ]
2 info using npm@3.10.10
3 info using node@v6.10.1
4 verbose run-script [ 'prestart', 'start', 'poststart' ]
5 info lifecycle get-started-node@0.1.1~prestart: get-started-node@0.1.1
6 silly lifecycle get-started-node@0.1.1~prestart: no script for prestart, continuing
7 info lifecycle get-started-node@0.1.1~start: get-started-node@0.1.1
8 verbose lifecycle get-started-node@0.1.1~start: unsafe-perm in lifecycle true
9 verbose lifecycle get-started-node@0.1.1~start: PATH: C:\Program Files\nodejs\node_modules\npm\bin\node-gyp-bin;C:\Rinju\angularjswebapp\get-started-node\node_modules\.bin;C:\windows\system32;C:\windows;C:\windows\System32\Wbem;C:\windows\System32\WindowsPowerShell\v1.0\;C:\Program Files (x86)\IBM\Personal Communications\;C:\Program Files (x86)\IBM\Trace Facility\;C:\Program Files (x86)\IBM\Mobility Client\;C:\Program Files\Git\cmd;C:\Program Files\Git\mingw64\bin;C:\Program Files\Git\usr\bin;C:\Program Files (x86)\CloudFoundry;C:\Program Files\nodejs\;C:\ant\apache-ant-1.9.7\bin;C:\Program Files (x86)\Google\Chrome\Application;C:\ProgramData\Oracle\Java\javapath;C:\windows\system32;C:\windows;C:\windows\System32\Wbem;C:\windows\System32\WindowsPowerShell\v1.0\;C:\Program Files (x86)\IBM\Personal Communications\;C:\Program Files (x86)\IBM\Trace Facility\;C:\Program Files (x86)\IBM\Mobility Client\;C:\Program Files\Git\cmd;C:\ant\apache-ant-1.9.7\bin;C:\ProgramData\Oracle\Java\javapath;C:\windows\system32;C:\windows;C:\windows\System32\Wbem;C:\windows\System32\WindowsPowerShell\v1.0\;C:\Program Files (x86)\IBM\Personal Communications\;C:\Program Files (x86)\IBM\Trace Facility\;C:\Program Files (x86)\IBM\Mobility Client\;C:\Program Files\Git\cmd;C:\ant\apache-ant-1.9.7\bin;C:\Program Files\Java\jdk1.7.0_79\bin;C:\Users\IBM_ADMIN\AppData\Local\Android\android-sdk\tools;C:\Users\IBM_ADMIN\AppData\Local\Android\android-sdk\platform-tools;C:\Users\IBM_ADMIN\AppData\Local\atom\bin;C:\Users\IBM_ADMIN\AppData\Roaming\npm
10 verbose lifecycle get-started-node@0.1.1~start: CWD: C:\Rinju\angularjswebapp\get-started-node
11 silly lifecycle get-started-node@0.1.1~start: Args: [ '/d /s /c', 'node server.js' ]
12 silly lifecycle get-started-node@0.1.1~start: Returned: code: 3221225786  signal: null
13 info lifecycle get-started-node@0.1.1~start: Failed to exec start script
14 verbose stack Error: get-started-node@0.1.1 start: `node server.js`
14 verbose stack Exit status 3221225786
14 verbose stack     at EventEmitter.<anonymous> (C:\Program Files\nodejs\node_modules\npm\lib\utils\lifecycle.js:255:16)
14 verbose stack     at emitTwo (events.js:106:13)
14 verbose stack     at EventEmitter.emit (events.js:191:7)
14 verbose stack     at ChildProcess.<anonymous> (C:\Program Files\nodejs\node_modules\npm\lib\utils\spawn.js:40:14)
14 verbose stack     at emitTwo (events.js:106:13)
14 verbose stack     at ChildProcess.emit (events.js:191:7)
14 verbose stack     at maybeClose (internal/child_process.js:886:16)
14 verbose stack     at Process.ChildProcess._handle.onexit (internal/child_process.js:226:5)
15 verbose pkgid get-started-node@0.1.1
16 verbose cwd C:\Rinju\angularjswebapp\get-started-node
17 error Windows_NT 6.1.7601
18 error argv "C:\\Program Files\\nodejs\\node.exe" "C:\\Program Files\\nodejs\\node_modules\\npm\\bin\\npm-cli.js" "start"
19 error node v6.10.1
20 error npm  v3.10.10
21 error code ELIFECYCLE
22 error get-started-node@0.1.1 start: `node server.js`
22 error Exit status 3221225786
23 error Failed at the get-started-node@0.1.1 start script 'node server.js'.
23 error Make sure you have the latest version of node.js and npm installed.
23 error If you do, this is most likely a problem with the get-started-node package,
23 error not with npm itself.
23 error Tell the author that this fails on your system:
23 error     node server.js
23 error You can get information on how to open an issue for this project with:
23 error     npm bugs get-started-node
23 error Or if that isn't available, you can get their info via:
23 error     npm owner ls get-started-node
23 error There is likely additional logging output above.
24 verbose exit [ 1, true ]
